<?xml version="1.0" encoding="UTF-8"?>
<!-- Generated by org.testng.reporters.JUnitXMLReporter -->
<testsuite hostname="LAPTOP-A9SHFLG8" name="LoginTest_Parameterise" tests="3" failures="0" timestamp="15 Sep 2017 21:54:24 GMT" time="0.017" errors="0">
  <testcase name="doLoginTest" time="0.001" classname="Testcases.LoginTest_ParameteriseTests"/>
  <testcase name="doLoginTest" time="0.0" classname="Testcases.LoginTest_ParameteriseTests"/>
  <testcase name="doLoginTest" time="0.0" classname="Testcases.LoginTest_ParameteriseTests"/>
</testsuite> <!-- LoginTest_Parameterise -->
